  main.cpp
main.obj : error LNK2019: symbole externe non résolu "__declspec(dllimport) public: float __thiscall sf::Time::asSeconds(void)const " (__imp_?asSeconds@Time@sf@@QBEMXZ) référencé dans la fonction _main
main.obj : error LNK2019: symbole externe non résolu "__declspec(dllimport) public: __thiscall sf::Clock::Clock(void)" (__imp_??0Clock@sf@@QAE@XZ) référencé dans la fonction _main
main.obj : error LNK2019: symbole externe non résolu "__declspec(dllimport) public: class sf::Time __thiscall sf::Clock::getElapsedTime(void)const " (__imp_?getElapsedTime@Clock@sf@@QBE?AVTime@2@XZ) référencé dans la fonction _main
main.obj : error LNK2019: symbole externe non résolu "__declspec(dllimport) public: __thiscall sf::String::String(char const *,class std::locale const &)" (__imp_??0String@sf@@QAE@PBDABVlocale@std@@@Z) référencé dans la fonction _main
main.obj : error LNK2019: symbole externe non résolu "__declspec(dllimport) public: __thiscall sf::String::~String(void)" (__imp_??1String@sf@@QAE@XZ) référencé dans la fonction _main
main.obj : error LNK2019: symbole externe non résolu "__declspec(dllimport) public: __thiscall sf::VideoMode::VideoMode(unsigned int,unsigned int,unsigned int)" (__imp_??0VideoMode@sf@@QAE@III@Z) référencé dans la fonction _main
main.obj : error LNK2019: symbole externe non résolu "__declspec(dllimport) public: void __thiscall sf::Window::close(void)" (__imp_?close@Window@sf@@QAEXXZ) référencé dans la fonction _main
main.obj : error LNK2019: symbole externe non résolu "__declspec(dllimport) public: bool __thiscall sf::Window::isOpen(void)const " (__imp_?isOpen@Window@sf@@QBE_NXZ) référencé dans la fonction _main
main.obj : error LNK2019: symbole externe non résolu "__declspec(dllimport) public: bool __thiscall sf::Window::pollEvent(class sf::Event &)" (__imp_?pollEvent@Window@sf@@QAE_NAAVEvent@2@@Z) référencé dans la fonction _main
main.obj : error LNK2019: symbole externe non résolu "__declspec(dllimport) public: bool __thiscall sf::Window::setActive(bool)const " (__imp_?setActive@Window@sf@@QBE_N_N@Z) référencé dans la fonction _main
main.obj : error LNK2019: symbole externe non résolu "__declspec(dllimport) public: void __thiscall sf::Window::display(void)" (__imp_?display@Window@sf@@QAEXXZ) référencé dans la fonction _main
main.obj : error LNK2019: symbole externe non résolu "__declspec(dllimport) public: __thiscall sf::Color::Color(unsigned char,unsigned char,unsigned char,unsigned char)" (__imp_??0Color@sf@@QAE@EEEE@Z) référencé dans la fonction _main
main.obj : error LNK2019: symbole externe non résolu "__declspec(dllimport) public: void __thiscall sf::RenderTarget::clear(class sf::Color const &)" (__imp_?clear@RenderTarget@sf@@QAEXABVColor@2@@Z) référencé dans la fonction _main
main.obj : error LNK2019: symbole externe non résolu "__declspec(dllimport) public: __thiscall sf::RenderWindow::RenderWindow(class sf::VideoMode,class sf::String const &,unsigned int,struct sf::ContextSettings const &)" (__imp_??0RenderWindow@sf@@QAE@VVideoMode@1@ABVString@1@IABUContextSettings@1@@Z) référencé dans la fonction _main
main.obj : error LNK2019: symbole externe non résolu "__declspec(dllimport) public: virtual __thiscall sf::RenderWindow::~RenderWindow(void)" (__imp_??1RenderWindow@sf@@UAE@XZ) référencé dans la fonction _main
main.obj : error LNK2019: symbole externe non résolu __imp__glBegin@4 référencé dans la fonction _main
main.obj : error LNK2019: symbole externe non résolu __imp__glClear@4 référencé dans la fonction _main
main.obj : error LNK2019: symbole externe non résolu __imp__glClearColor@16 référencé dans la fonction _main
main.obj : error LNK2019: symbole externe non résolu __imp__glClearDepth@8 référencé dans la fonction _main
main.obj : error LNK2019: symbole externe non résolu __imp__glColor3f@12 référencé dans la fonction _main
main.obj : error LNK2019: symbole externe non résolu __imp__glDepthMask@4 référencé dans la fonction _main
main.obj : error LNK2019: symbole externe non résolu __imp__glEnable@4 référencé dans la fonction _main
main.obj : error LNK2019: symbole externe non résolu __imp__glEnd@0 référencé dans la fonction _main
main.obj : error LNK2019: symbole externe non résolu __imp__glLoadIdentity@0 référencé dans la fonction _main
main.obj : error LNK2019: symbole externe non résolu __imp__glMatrixMode@4 référencé dans la fonction _main
main.obj : error LNK2019: symbole externe non résolu __imp__glRotatef@16 référencé dans la fonction _main
main.obj : error LNK2019: symbole externe non résolu __imp__glTranslatef@12 référencé dans la fonction _main
main.obj : error LNK2019: symbole externe non résolu __imp__glVertex3f@12 référencé dans la fonction _main
main.obj : error LNK2019: symbole externe non résolu __imp__glViewport@16 référencé dans la fonction _main
main.obj : error LNK2019: symbole externe non résolu _gluPerspective@32 référencé dans la fonction _main
d:\mes documents\visual studio 2015\Projects\Projet1\Debug\Projet1.exe : fatal error LNK1120: 30 externes non résolus
